\BOOKMARK [-1][]{ctitle.-1}{\376\377\127\372\116\216\155\156\122\250\217\146\217\150\217\371\145\160\143\156\166\204\215\357\121\265\122\006\147\220}{}% 1
\BOOKMARK [0][]{thuchapter.1.0}{\376\377\116\055\145\207\144\130\211\201}{ctitle.-1}% 2
\BOOKMARK [0][]{thuchapter.2.0}{\376\377\000A\000B\000S\000T\000R\000A\000C\000T}{ctitle.-1}% 3
\BOOKMARK [0][]{thuchapter.3.0}{\376\377\166\356\000\040\137\125}{ctitle.-1}% 4
\BOOKMARK [0][]{thuchapter.4.0}{\376\377\116\073\211\201\173\046\123\367\133\371\161\147\210\150}{ctitle.-1}% 5
\BOOKMARK [0][]{chapter.1}{\376\377\173\054\0001\172\340\000\040\000\040\137\025\212\000}{ctitle.-1}% 6
\BOOKMARK [1][-]{section.1.1}{\376\377\0001\000.\0001\000\040\200\314\146\157}{chapter.1}% 7
\BOOKMARK [1][-]{section.1.2}{\376\377\0001\000.\0002\000\040\170\024\172\166\166\356\150\007}{chapter.1}% 8
\BOOKMARK [1][-]{section.1.3}{\376\377\0001\000.\0003\000\040\145\207\172\340\176\323\147\204}{chapter.1}% 9
\BOOKMARK [0][]{chapter.2}{\376\377\173\054\0002\172\340\000\040\000\040\176\374\217\360}{ctitle.-1}% 10
\BOOKMARK [1][-]{section.2.1}{\376\377\0002\000.\0001\000\040\225\356\230\230\176\374\217\360}{chapter.2}% 11
\BOOKMARK [1][-]{section.2.2}{\376\377\0002\000.\0002\000\040\166\370\121\163\135\345\117\134}{chapter.2}% 12
\BOOKMARK [2][-]{subsection.2.2.1}{\376\377\0002\000.\0002\000.\0001\000\040\136\163\156\321\173\227\154\325}{section.2.2}% 13
\BOOKMARK [2][-]{subsection.2.2.2}{\376\377\0002\000.\0002\000.\0002\000\040\215\357\153\265\122\006\211\343\173\227\154\325}{section.2.2}% 14
\BOOKMARK [2][-]{subsection.2.2.3}{\376\377\0002\000.\0002\000.\0003\000\040\136\366\217\337\117\060\213\241\173\227\154\325}{section.2.2}% 15
\BOOKMARK [0][]{chapter.3}{\376\377\173\054\0003\172\340\000\040\000\040\173\227\154\325\213\276\213\241}{ctitle.-1}% 16
\BOOKMARK [1][-]{section.3.1}{\376\377\0003\000.\0001\000\040\173\227\154\325\143\317\217\360}{chapter.3}% 17
\BOOKMARK [2][-]{subsection.3.1.1}{\376\377\0003\000.\0001\000.\0001\000\040\213\276\213\241\140\035\215\357}{section.3.1}% 18
\BOOKMARK [2][-]{subsection.3.1.2}{\376\377\0003\000.\0001\000.\0002\000\040\173\227\154\325\117\030\122\277}{section.3.1}% 19
\BOOKMARK [1][-]{section.3.2}{\376\377\0003\000.\0002\000\040\121\167\117\123\133\236\163\260}{chapter.3}% 20
\BOOKMARK [2][-]{subsection.3.2.1}{\376\377\0003\000.\0002\000.\0001\000\040\152\041\127\213\136\372\172\313}{section.3.2}% 21
\BOOKMARK [2][-]{subsection.3.2.2}{\376\377\0003\000.\0002\000.\0002\000\040\123\125\145\271\124\021\173\227\154\325}{section.3.2}% 22
\BOOKMARK [2][-]{subsection.3.2.3}{\376\377\0003\000.\0002\000.\0003\000\040\176\277\140\047\126\336\137\122}{section.3.2}% 23
\BOOKMARK [2][-]{subsection.3.2.4}{\376\377\0003\000.\0002\000.\0004\000\040\131\032\145\271\124\021\155\367\124\010\166\204\173\227\154\325}{section.3.2}% 24
\BOOKMARK [1][-]{section.3.3}{\376\377\0003\000.\0003\000\040\176\306\202\202\145\071\217\333}{chapter.3}% 25
\BOOKMARK [2][-]{subsection.3.3.1}{\376\377\0003\000.\0003\000.\0001\000\040\176\306\123\026\215\357\123\343\136\366\217\337}{section.3.3}% 26
\BOOKMARK [2][-]{subsection.3.3.2}{\376\377\0003\000.\0003\000.\0002\000\040\143\222\226\144\137\002\136\070\160\271}{section.3.3}% 27
\BOOKMARK [2][-]{subsection.3.3.3}{\376\377\0003\000.\0003\000.\0003\000\040\126\336\137\122\145\271\172\013\137\017\123\330\137\142}{section.3.3}% 28
\BOOKMARK [0][]{chapter.4}{\376\377\173\054\0004\172\340\000\040\000\040\133\236\232\214}{ctitle.-1}% 29
\BOOKMARK [1][-]{section.4.1}{\376\377\0004\000.\0001\000\040\133\236\232\214\213\276\213\241}{chapter.4}% 30
\BOOKMARK [1][-]{section.4.2}{\376\377\0004\000.\0002\000\040\133\236\232\214\176\323\147\234\122\006\147\220}{chapter.4}% 31
\BOOKMARK [2][-]{subsection.4.2.1}{\376\377\0004\000.\0002\000.\0001\000\040\133\371\153\324\000B\000a\000y\000e\000s\124\214\147\000\134\017\116\214\116\130\154\325}{section.4.2}% 32
\BOOKMARK [2][-]{subsection.4.2.2}{\376\377\0004\000.\0002\000.\0002\000\040\123\125\145\271\124\021}{section.4.2}% 33
\BOOKMARK [2][-]{subsection.4.2.3}{\376\377\0004\000.\0002\000.\0003\000\040\116\016\123\237\147\011\166\204\136\163\156\321\173\227\154\325\166\204\133\371\153\324}{section.4.2}% 34
\BOOKMARK [2][-]{subsection.4.2.4}{\376\377\0004\000.\0002\000.\0004\000\040\116\011\145\271\124\021\155\367\124\010}{section.4.2}% 35
\BOOKMARK [2][-]{subsection.4.2.5}{\376\377\0004\000.\0002\000.\0005\000\040\121\150\145\271\124\021\155\367\124\010}{section.4.2}% 36
\BOOKMARK [1][-]{section.4.3}{\376\377\0004\000.\0003\000\040\134\017\176\323}{chapter.4}% 37
\BOOKMARK [0][]{chapter.5}{\376\377\173\054\0005\172\340\000\040\000\040\176\323\213\272}{ctitle.-1}% 38
\BOOKMARK [0][]{section*.27}{\376\377\143\322\126\376\175\042\137\025}{ctitle.-1}% 39
\BOOKMARK [0][]{section*.29}{\376\377\210\150\150\074\175\042\137\025}{ctitle.-1}% 40
\BOOKMARK [0][]{section*.31}{\376\377\121\154\137\017\175\042\137\025}{ctitle.-1}% 41
\BOOKMARK [0][]{section*.33}{\376\377\123\302\200\003\145\207\163\056}{ctitle.-1}% 42
\BOOKMARK [0][]{section*.35}{\376\377\201\364\000\040\214\042}{ctitle.-1}% 43
\BOOKMARK [0][]{section*.37}{\376\377\130\360\000\040\146\016}{ctitle.-1}% 44
\BOOKMARK [0][]{appendix.A}{\376\377\226\104\137\125\000\040\000A\000\040\000\040\131\026\145\207\215\104\145\231\116\146\227\142\177\373\213\321}{ctitle.-1}% 45
\BOOKMARK [1][-]{section.A.1}{\376\377\000A\000.\0001\000\040\137\025\212\000}{appendix.A}% 46
\BOOKMARK [1][-]{section.A.2}{\376\377\000A\000.\0002\000\040\127\060\126\376\123\071\221\115\225\356\230\230}{appendix.A}% 47
\BOOKMARK [2][-]{subsection.A.2.1}{\376\377\000A\000.\0002\000.\0001\000\040\225\356\230\230\133\232\116\111}{section.A.2}% 48
\BOOKMARK [2][-]{subsection.A.2.2}{\376\377\000A\000.\0002\000.\0002\000\040\000H\000M\000M\145\271\154\325}{section.A.2}% 49
\BOOKMARK [1][-]{section.A.3}{\376\377\000A\000.\0003\000\040\000O\000H\000M\000M\127\060\126\376\123\071\221\115\173\227\154\325}{appendix.A}% 50
\BOOKMARK [2][-]{subsection.A.3.1}{\376\377\000A\000.\0003\000.\0001\000\040\173\227\154\325\166\204\127\372\147\054\155\101\172\013}{section.A.3}% 51
\BOOKMARK [2][-]{subsection.A.3.2}{\376\377\000A\000.\0003\000.\0002\000\040\210\150\163\260\151\202\163\207}{section.A.3}% 52
\BOOKMARK [2][-]{subsection.A.3.3}{\376\377\000A\000.\0003\000.\0003\000\040\217\154\171\373\151\202\163\207}{section.A.3}% 53
\BOOKMARK [2][-]{subsection.A.3.4}{\376\377\000A\000.\0003\000.\0004\000\040\127\050\176\277\176\364\162\171\153\324\173\227\154\325}{section.A.3}% 54
\BOOKMARK [1][-]{section.A.4}{\376\377\000A\000.\0004\000\040\133\236\232\214\210\305\177\156}{appendix.A}% 55
\BOOKMARK [2][-]{subsection.A.4.1}{\376\377\000A\000.\0004\000.\0001\000\040\163\260\127\072\155\113\213\325\145\160\143\156}{section.A.4}% 56
\BOOKMARK [2][-]{subsection.A.4.2}{\376\377\000A\000.\0004\000.\0002\000\040\213\255\176\303\124\214\123\302\145\160\117\060\213\241}{section.A.4}% 57
\BOOKMARK [2][-]{subsection.A.4.3}{\376\377\000A\000.\0004\000.\0003\000\040\140\047\200\375\213\304\116\367}{section.A.4}% 58
\BOOKMARK [1][-]{section.A.5}{\376\377\000A\000.\0005\000\040\176\323\147\234}{appendix.A}% 59
\BOOKMARK [1][-]{section.A.6}{\376\377\000A\000.\0006\000\040\176\323\213\272\124\214\147\052\147\145\135\345\117\134}{appendix.A}% 60
